03.10.2011 22:53:02 FG_SERVER::Init() - failed to bind to port 5005
03.10.2011 22:53:02 already in use?
03.10.2011 22:53:09 FG_SERVER::Init() - failed to bind to port 5005
03.10.2011 22:53:09 already in use?
03.10.2011 22:53:30 FG_SERVER::Init() - failed to bind to port 5005
03.10.2011 22:53:30 already in use?
03.10.2011 22:54:13 FG_SERVER::Init() - failed to bind to port 5005
03.10.2011 22:54:13 already in use?
03.10.2011 22:54:58 FG_SERVER::Init() - failed to bind to port 7005
03.10.2011 22:54:58 already in use?
03.10.2011 22:55:09 FG_SERVER::Init() - failed to bind to port 5000
03.10.2011 22:55:09 already in use?
03.10.2011 22:55:33 FG_SERVER::Init() - failed to bind to port 5000
03.10.2011 22:55:33 already in use?
03.10.2011 22:55:34 FG_SERVER::Init() - failed to bind to port 5000
03.10.2011 22:55:34 already in use?
03.10.2011 22:56:15 # This is hsl
03.10.2011 22:56:15 # FlightGear Multiplayer Server v0.10.9 started
03.10.2011 22:56:15 # using protocol version v1.1 (LazyRelay enabled)
03.10.2011 22:56:15 # listening on 192.168.1.105
03.10.2011 22:56:15 # listening to port 5005
03.10.2011 22:56:15 # telnet port 5001
03.10.2011 22:56:15 # using logfile fgms.log
03.10.2011 22:56:15 # I have 1 relays
03.10.2011 22:56:15 # relay mpserver01.flightgear.org
03.10.2011 22:56:15 # I have 0 crossfeeds
03.10.2011 22:56:15 # I have 2 blacklisted IPs
03.10.2011 22:56:15 Main server started!
03.10.2011 22:56:15 # My PID is 28018
03.10.2011 22:56:15 Entering infinite loop. Select timeout 10 secs.
03.10.2011 22:56:33 # This is hsl
03.10.2011 22:56:33 # FlightGear Multiplayer Server v0.10.9 started
03.10.2011 22:56:33 # using protocol version v1.1 (LazyRelay enabled)
03.10.2011 22:56:33 # listening on 127.0.0.1
03.10.2011 22:56:33 # listening to port 5005
03.10.2011 22:56:33 # telnet port 5001
03.10.2011 22:56:33 # using logfile fgms.log
03.10.2011 22:56:33 # I have 1 relays
03.10.2011 22:56:33 # relay mpserver01.flightgear.org
03.10.2011 22:56:33 # I have 0 crossfeeds
03.10.2011 22:56:33 # I have 2 blacklisted IPs
03.10.2011 22:56:33 Main server started!
03.10.2011 22:56:33 # My PID is 28024
03.10.2011 22:56:33 Entering infinite loop. Select timeout 10 secs.
03.10.2011 22:57:01 FG_SERVER::Done() - exiting
03.10.2011 22:57:01 FG_SERVER::Done() - exiting
